<?xml version="1.0" encoding="UTF-8"?>
<!-- Generated by org.testng.reporters.JUnitXMLReporter -->
<testsuite hostname="Dzhamsheds-MacBook-Pro.local" ignored="0" name="Default test" tests="3" failures="0" timestamp="2020-05-30T17:46:44 PDT" time="34.621" errors="0">
  <testcase name="emptyUsernameLogin" time="0.617" classname="com.hrms.testcase.LoginTest"/>
  <testcase name="invalidPasswordLogin" time="1.153" classname="com.hrms.testcase.LoginTest"/>
  <testcase name="validAdminLogin" time="2.748" classname="com.hrms.testcase.LoginTest"/>
</testsuite> <!-- Default test -->
