<?xml version="1.0" encoding="UTF-8"?>
<!-- Generated by org.testng.reporters.JUnitXMLReporter -->
<testsuite hostname="Dzhamsheds-MacBook-Pro.local" ignored="4" name="Smoke Test" tests="3" failures="0" timestamp="2020-06-02T17:57:26 PDT" time="33.668" errors="0">
  <testcase name="validAdminLogin" time="2.538" classname="com.hrms.testcase.LoginTest"/>
  <testcase name="addEmployeePage" time="5.402" classname="com.hrms.testcase.AddEmployeeTest"/>
  <testcase name="addEmployeePageAnother" time="5.537" classname="com.hrms.testcase.AddEmployeeTest"/>
  <testcase name="invalidPasswordLogin" time="0.0" classname="com.hrms.testcase.LoginTest">
    <ignored/>
  </testcase> <!-- invalidPasswordLogin -->
  <testcase name="@BeforeTest generateReport" time="0.0" classname="com.hrms.testbase.BaseClass">
    <ignored/>
  </testcase> <!-- @BeforeTest generateReport -->
  <testcase name="@AfterTest writeReport" time="0.0" classname="com.hrms.testbase.BaseClass">
    <ignored/>
  </testcase> <!-- @AfterTest writeReport -->
  <testcase name="emptyUsernameLogin" time="0.0" classname="com.hrms.testcase.LoginTest">
    <ignored/>
  </testcase> <!-- emptyUsernameLogin -->
</testsuite> <!-- Smoke Test -->
