<?xml version="1.0" encoding="UTF-8"?>
<!-- Generated by org.testng.reporters.JUnitXMLReporter -->
<testsuite hostname="Dzhamsheds-MacBook-Pro.local" ignored="5" name="Regression Test" tests="2" failures="0" timestamp="2020-05-31T13:01:02 PDT" time="12.36" errors="0">
  <testcase name="emptyUsernameLogin" time="0.459" classname="com.hrms.testcase.LoginTest"/>
  <testcase name="invalidPasswordLogin" time="1.206" classname="com.hrms.testcase.LoginTest"/>
  <testcase name="@BeforeTest generateReport" time="0.0" classname="com.hrms.testbase.BaseClass">
    <ignored/>
  </testcase> <!-- @BeforeTest generateReport -->
  <testcase name="addEmployeePageAnother" time="0.0" classname="com.hrms.testcase.AddEmployeeTest">
    <ignored/>
  </testcase> <!-- addEmployeePageAnother -->
  <testcase name="@AfterTest writeReport" time="0.0" classname="com.hrms.testbase.BaseClass">
    <ignored/>
  </testcase> <!-- @AfterTest writeReport -->
  <testcase name="addEmployeePage" time="0.0" classname="com.hrms.testcase.AddEmployeeTest">
    <ignored/>
  </testcase> <!-- addEmployeePage -->
  <testcase name="validAdminLogin" time="0.0" classname="com.hrms.testcase.LoginTest">
    <ignored/>
  </testcase> <!-- validAdminLogin -->
</testsuite> <!-- Regression Test -->
