<?xml version="1.0" encoding="UTF-8"?>
<!-- Generated by org.testng.reporters.JUnitXMLReporter -->
<testsuite hostname="Dzhamsheds-MacBook-Pro.local" ignored="4" name="Smoke Test" tests="3" failures="0" timestamp="2020-06-02T17:22:44 PDT" time="62.606" errors="0">
  <testcase name="validAdminLogin" time="3.197" classname="com.hrms.testcase.LoginTest"/>
  <testcase name="addEmployeePage" time="8.698" classname="com.hrms.testcase.AddEmployeeTest"/>
  <testcase name="addEmployeePageAnother" time="16.854" classname="com.hrms.testcase.AddEmployeeTest"/>
  <testcase name="invalidPasswordLogin" time="0.0" classname="com.hrms.testcase.LoginTest">
    <ignored/>
  </testcase> <!-- invalidPasswordLogin -->
  <testcase name="@BeforeTest generateReport" time="0.0" classname="com.hrms.testbase.BaseClass">
    <ignored/>
  </testcase> <!-- @BeforeTest generateReport -->
  <testcase name="@AfterTest writeReport" time="0.0" classname="com.hrms.testbase.BaseClass">
    <ignored/>
  </testcase> <!-- @AfterTest writeReport -->
  <testcase name="emptyUsernameLogin" time="0.0" classname="com.hrms.testcase.LoginTest">
    <ignored/>
  </testcase> <!-- emptyUsernameLogin -->
</testsuite> <!-- Smoke Test -->
