<?xml version="1.0" encoding="UTF-8"?>
<testng-results skipped="0" failed="0" ignored="4" total="7" passed="3">
  <reporter-output>
  </reporter-output>
  <suite name="Smoke Suite" duration-ms="62606" started-at="2020-06-02T17:21:37 PDT" finished-at="2020-06-02T17:22:39 PDT">
    <groups>
      <group name="smoke">
        <method signature="AddEmployeeTest.addEmployeePage()[pri:0, instance:com.hrms.testcase.AddEmployeeTest@57536d79]" name="addEmployeePage" class="com.hrms.testcase.AddEmployeeTest"/>
        <method signature="AddEmployeeTest.addEmployeePageAnother()[pri:0, instance:com.hrms.testcase.AddEmployeeTest@57536d79]" name="addEmployeePageAnother" class="com.hrms.testcase.AddEmployeeTest"/>
        <method signature="LoginTest.validAdminLogin()[pri:0, instance:com.hrms.testcase.LoginTest@6f1fba17]" name="validAdminLogin" class="com.hrms.testcase.LoginTest"/>
      </group> <!-- smoke -->
    </groups>
    <test name="Smoke Test" duration-ms="62606" started-at="2020-06-02T17:21:37 PDT" finished-at="2020-06-02T17:22:39 PDT">
      <class name="com.hrms.testcase.LoginTest">
        <test-method status="PASS" signature="generateReport()[pri:0, instance:com.hrms.testcase.LoginTest@6f1fba17]" name="generateReport" is-config="true" duration-ms="270" started-at="2020-06-02T17:21:37 PDT" finished-at="2020-06-02T17:21:37 PDT">
          <reporter-output>
          </reporter-output>
        </test-method> <!-- generateReport -->
        <test-method status="PASS" signature="setUp()[pri:0, instance:com.hrms.testcase.LoginTest@6f1fba17]" name="setUp" is-config="true" duration-ms="9998" started-at="2020-06-02T17:21:37 PDT" finished-at="2020-06-02T17:21:47 PDT">
          <reporter-output>
          </reporter-output>
        </test-method> <!-- setUp -->
        <test-method status="PASS" signature="validAdminLogin()[pri:0, instance:com.hrms.testcase.LoginTest@6f1fba17]" name="validAdminLogin" duration-ms="3197" started-at="2020-06-02T17:21:47 PDT" finished-at="2020-06-02T17:21:50 PDT">
          <reporter-output>
          </reporter-output>
        </test-method> <!-- validAdminLogin -->
        <test-method status="PASS" signature="tearDown()[pri:0, instance:com.hrms.testcase.LoginTest@6f1fba17]" name="tearDown" is-config="true" duration-ms="2248" started-at="2020-06-02T17:21:52 PDT" finished-at="2020-06-02T17:21:54 PDT">
          <reporter-output>
          </reporter-output>
        </test-method> <!-- tearDown -->
        <test-method status="PASS" signature="writeReport()[pri:0, instance:com.hrms.testcase.LoginTest@6f1fba17]" name="writeReport" is-config="true" duration-ms="981" started-at="2020-06-02T17:22:38 PDT" finished-at="2020-06-02T17:22:39 PDT">
          <reporter-output>
          </reporter-output>
        </test-method> <!-- writeReport -->
      </class> <!-- com.hrms.testcase.LoginTest -->
      <class name="com.hrms.testcase.AddEmployeeTest">
        <test-method status="PASS" signature="setUp()[pri:0, instance:com.hrms.testcase.AddEmployeeTest@57536d79]" name="setUp" is-config="true" duration-ms="3119" started-at="2020-06-02T17:21:54 PDT" finished-at="2020-06-02T17:21:57 PDT">
          <reporter-output>
          </reporter-output>
        </test-method> <!-- setUp -->
        <test-method status="PASS" signature="addEmployeePage()[pri:0, instance:com.hrms.testcase.AddEmployeeTest@57536d79]" name="addEmployeePage" duration-ms="8698" started-at="2020-06-02T17:21:57 PDT" finished-at="2020-06-02T17:22:06 PDT">
          <reporter-output>
          </reporter-output>
        </test-method> <!-- addEmployeePage -->
        <test-method status="PASS" signature="tearDown()[pri:0, instance:com.hrms.testcase.AddEmployeeTest@57536d79]" name="tearDown" is-config="true" duration-ms="2476" started-at="2020-06-02T17:22:06 PDT" finished-at="2020-06-02T17:22:09 PDT">
          <reporter-output>
          </reporter-output>
        </test-method> <!-- tearDown -->
        <test-method status="PASS" signature="setUp()[pri:0, instance:com.hrms.testcase.AddEmployeeTest@57536d79]" name="setUp" is-config="true" duration-ms="10138" started-at="2020-06-02T17:22:09 PDT" finished-at="2020-06-02T17:22:19 PDT">
          <reporter-output>
          </reporter-output>
        </test-method> <!-- setUp -->
        <test-method status="PASS" signature="addEmployeePageAnother()[pri:0, instance:com.hrms.testcase.AddEmployeeTest@57536d79]" name="addEmployeePageAnother" duration-ms="16854" started-at="2020-06-02T17:22:19 PDT" finished-at="2020-06-02T17:22:36 PDT">
          <reporter-output>
          </reporter-output>
        </test-method> <!-- addEmployeePageAnother -->
        <test-method status="PASS" signature="tearDown()[pri:0, instance:com.hrms.testcase.AddEmployeeTest@57536d79]" name="tearDown" is-config="true" duration-ms="2301" started-at="2020-06-02T17:22:36 PDT" finished-at="2020-06-02T17:22:38 PDT">
          <reporter-output>
          </reporter-output>
        </test-method> <!-- tearDown -->
      </class> <!-- com.hrms.testcase.AddEmployeeTest -->
    </test> <!-- Smoke Test -->
  </suite> <!-- Smoke Suite -->
</testng-results>
